<?xml version="1.0" encoding="UTF-8"?>
<testng-results ignored="0" total="1" passed="1" failed="0" skipped="0">
  <reporter-output>
  </reporter-output>
  <suite started-at="2025-02-14T17:23:10 IST" name="Suite" finished-at="2025-02-14T17:23:29 IST" duration-ms="18999">
    <groups>
    </groups>
    <test started-at="2025-02-14T17:23:10 IST" name="Test" finished-at="2025-02-14T17:23:29 IST" duration-ms="18999">
      <class name="DeleteAdmissionofpatient.CancelAdmission">
        <test-method signature="Execution()[pri:0, instance:DeleteAdmissionofpatient.CancelAdmission@35aea049]" started-at="2025-02-14T17:23:10 IST" name="Execution" finished-at="2025-02-14T17:23:28 IST" duration-ms="17475" status="PASS">
          <reporter-output>
          </reporter-output>
        </test-method> <!-- Execution -->
      </class> <!-- DeleteAdmissionofpatient.CancelAdmission -->
    </test> <!-- Test -->
  </suite> <!-- Suite -->
</testng-results>
